<?xml version="1.0" encoding="UTF-8"?>
<!-- Generated by org.testng.reporters.JUnitReportReporter -->
<testsuite hostname="BLR-LAP-125" failures="0" tests="2" name="PageObjClasses.Selectable_list" time="3.377" errors="0" timestamp="2023-11-02T11:49:28 IST" skipped="0">
  <testcase classname="PageObjClasses.Selectable_list" name="clickOnSelectable" time="0.210"/>
  <system-out/>
  <testcase classname="PageObjClasses.Selectable_list" name="selectOptions" time="3.167"/>
  <system-out/>
</testsuite> <!-- PageObjClasses.Selectable_list -->
