<?xml version="1.0" encoding="UTF-8"?>
<!-- Generated by org.testng.reporters.JUnitReportReporter -->
<testsuite hostname="BLR-LAP-125" failures="0" tests="6" name="PageObjClasses.SelectMenu" time="0.987" errors="0" timestamp="2023-10-19T12:21:53 IST" skipped="0">
  <testcase classname="PageObjClasses.SelectMenu" name="selectMenuTab" time="0.166"/>
  <system-out/>
  <testcase classname="PageObjClasses.SelectMenu" name="selectValueDropdown" time="0.098"/>
  <system-out/>
  <testcase classname="PageObjClasses.SelectMenu" name="selectOneDropDown" time="0.130"/>
  <system-out/>
  <testcase classname="PageObjClasses.SelectMenu" name="selectOldStyle" time="0.077"/>
  <system-out/>
  <testcase classname="PageObjClasses.SelectMenu" name="clickMultiselectdropdown" time="0.227"/>
  <system-out/>
  <testcase classname="PageObjClasses.SelectMenu" name="selectCars" time="0.289"/>
  <system-out/>
</testsuite> <!-- PageObjClasses.SelectMenu -->
