<?xml version="1.0" encoding="UTF-8"?>
<!-- Generated by org.testng.reporters.JUnitReportReporter -->
<testsuite hostname="BLR-LAP-125" failures="0" tests="3" name="PageObjClasses.NestedFrames" time="0.400" errors="0" timestamp="2023-07-27T12:05:35 IST" skipped="0">
  <testcase classname="PageObjClasses.NestedFrames" name="clickOnNestedFrame" time="0.137"/>
  <system-out/>
  <testcase classname="PageObjClasses.NestedFrames" name="OuterFramevalidation" time="0.216"/>
  <system-out/>
  <testcase classname="PageObjClasses.NestedFrames" name="innerFrameValidation" time="0.047"/>
  <system-out/>
</testsuite> <!-- PageObjClasses.NestedFrames -->
