<?xml version="1.0" encoding="UTF-8"?>
<!-- Generated by org.testng.reporters.JUnitReportReporter -->
<testsuite hostname="BLR-LAP-125" failures="0" tests="10" name="PageObjClasses.PracticeForm" time="3.382" errors="0" timestamp="2023-06-21T09:45:23 IST" skipped="0">
  <testcase classname="PageObjClasses.PracticeForm" name="clickOnPracticeForm" time="0.248"/>
  <system-out/>
  <testcase classname="PageObjClasses.PracticeForm" name="enterName" time="0.070"/>
  <system-out/>
  <testcase classname="PageObjClasses.PracticeForm" name="enterEmailID" time="0.087"/>
  <system-out/>
  <testcase classname="PageObjClasses.PracticeForm" name="genderSelection" time="0.027"/>
  <system-out/>
  <testcase classname="PageObjClasses.PracticeForm" name="enterMobileNo" time="0.059"/>
  <system-out/>
  <testcase classname="PageObjClasses.PracticeForm" name="selectHobbies" time="0.026"/>
  <system-out/>
  <testcase classname="PageObjClasses.PracticeForm" name="EnterSubject" time="0.596"/>
  <system-out/>
  <testcase classname="PageObjClasses.PracticeForm" name="uploadFile" time="2.055"/>
  <system-out/>
  <testcase classname="PageObjClasses.PracticeForm" name="enterCurrentAdrs" time="0.165"/>
  <system-out/>
  <testcase classname="PageObjClasses.PracticeForm" name="selectCity" time="0.049"/>
  <system-out/>
</testsuite> <!-- PageObjClasses.PracticeForm -->
