<?xml version="1.0" encoding="UTF-8"?>
<!-- Generated by org.testng.reporters.JUnitReportReporter -->
<testsuite hostname="BLR-LAP-125" failures="0" tests="2" name="PageObjClasses.AutoComplete" time="0.479" errors="0" timestamp="2023-08-03T18:10:20 IST" skipped="0">
  <testcase classname="PageObjClasses.AutoComplete" name="clickOnAutoCompleteTab" time="0.154"/>
  <system-out/>
  <testcase classname="PageObjClasses.AutoComplete" name="enterTextInMultipleColornames" time="0.325"/>
  <system-out/>
</testsuite> <!-- PageObjClasses.AutoComplete -->
