<?xml version="1.0" encoding="UTF-8"?>
<!-- Generated by org.testng.reporters.JUnitReportReporter -->
<testsuite hostname="BLR-LAP-125" failures="0" tests="2" name="PageObjClasses.Droppable" time="1.511" errors="0" timestamp="2023-11-29T18:50:15 IST" skipped="0">
  <testcase classname="PageObjClasses.Droppable" name="clickOnDroppable" time="0.201"/>
  <system-out/>
  <testcase classname="PageObjClasses.Droppable" name="dragUnderSimpleTab" time="1.310"/>
  <system-out/>
</testsuite> <!-- PageObjClasses.Droppable -->
