<?xml version="1.0" encoding="UTF-8"?>
<!-- Generated by org.testng.reporters.JUnitReportReporter -->
<testsuite hostname="BLR-LAP-125" failures="0" tests="1" name="PageObjClasses.uploadDownload" time="2.673" errors="0" timestamp="2023-02-13T10:21:18 IST" skipped="0">
  <testcase classname="PageObjClasses.uploadDownload" name="uploadfile" time="2.673"/>
  <system-out/>
</testsuite> <!-- PageObjClasses.uploadDownload -->
