<?xml version="1.0" encoding="UTF-8"?>
<!-- Generated by org.testng.reporters.JUnitReportReporter -->
<testsuite hostname="BLR-LAP-125" failures="0" tests="3" name="PageObjClasses.SelectMenu" time="0.462" errors="0" timestamp="2023-10-06T11:41:52 IST" skipped="0">
  <testcase classname="PageObjClasses.SelectMenu" name="selectMenuTab" time="0.223"/>
  <system-out/>
  <testcase classname="PageObjClasses.SelectMenu" name="selectValueDropdown" time="0.112"/>
  <system-out/>
  <testcase classname="PageObjClasses.SelectMenu" name="selectOneDropDown" time="0.127"/>
  <system-out/>
</testsuite> <!-- PageObjClasses.SelectMenu -->
