<?xml version="1.0" encoding="UTF-8"?>
<!-- Generated by org.testng.reporters.JUnitReportReporter -->
<testsuite hostname="BLR-LAP-125" failures="0" tests="5" name="PageObjClasses.Droppable" time="9.426" errors="0" timestamp="2023-12-04T12:11:59 IST" skipped="0">
  <testcase classname="PageObjClasses.Droppable" name="clickOnDroppable" time="0.159"/>
  <system-out/>
  <testcase classname="PageObjClasses.Droppable" name="dragUnderSimpleTab" time="3.320"/>
  <system-out/>
  <testcase classname="PageObjClasses.Droppable" name="acceptOptions" time="3.317"/>
  <system-out/>
  <testcase classname="PageObjClasses.Droppable" name="preventPropogationOptions" time="1.321"/>
  <system-out/>
  <testcase classname="PageObjClasses.Droppable" name="revertDraggable" time="1.309"/>
  <system-out/>
</testsuite> <!-- PageObjClasses.Droppable -->
