<?xml version="1.0" encoding="UTF-8"?>
<!-- Generated by org.testng.reporters.JUnitReportReporter -->
<testsuite hostname="BLR-LAP-125" failures="0" tests="2" name="PageObjClasses.TabsSection" time="0.432" errors="0" timestamp="2023-09-25T13:59:42 IST" skipped="0">
  <testcase classname="PageObjClasses.TabsSection" name="clickOnTabsSection" time="0.253"/>
  <system-out/>
  <testcase classname="PageObjClasses.TabsSection" name="clickOnTabs" time="0.179"/>
  <system-out/>
</testsuite> <!-- PageObjClasses.TabsSection -->
