<?xml version="1.0" encoding="UTF-8"?>
<!-- Generated by org.testng.reporters.JUnitReportReporter -->
<testsuite hostname="BLR-LAP-125" failures="0" tests="2" name="PageObjClasses.SelectableGrid" time="6.712" errors="0" timestamp="2023-11-10T10:41:36 IST" skipped="0">
  <testcase classname="PageObjClasses.SelectableGrid" name="clickOnGrid" time="0.385"/>
  <system-out/>
  <testcase classname="PageObjClasses.SelectableGrid" name="selectOptions" time="6.327"/>
  <system-out/>
</testsuite> <!-- PageObjClasses.SelectableGrid -->
