<?xml version="1.0" encoding="UTF-8"?>
<!-- Generated by org.testng.reporters.JUnitReportReporter -->
<testsuite hostname="BLR-LAP-125" failures="0" tests="5" name="PageObjClasses.SelectMenu" time="0.738" errors="0" timestamp="2023-10-17T10:59:45 IST" skipped="0">
  <testcase classname="PageObjClasses.SelectMenu" name="selectMenuTab" time="0.181"/>
  <system-out/>
  <testcase classname="PageObjClasses.SelectMenu" name="selectValueDropdown" time="0.099"/>
  <system-out/>
  <testcase classname="PageObjClasses.SelectMenu" name="selectOneDropDown" time="0.138"/>
  <system-out/>
  <testcase classname="PageObjClasses.SelectMenu" name="selectOldStyle" time="0.078"/>
  <system-out/>
  <testcase classname="PageObjClasses.SelectMenu" name="clickMultiselectdropdown" time="0.242"/>
  <system-out/>
</testsuite> <!-- PageObjClasses.SelectMenu -->
