<?xml version="1.0" encoding="UTF-8"?>
<!-- Generated by org.testng.reporters.JUnitReportReporter -->
<testsuite hostname="BLR-LAP-125" failures="0" tests="1" name="PageObjClasses.brokenImagesLinks" time="3.861" errors="0" timestamp="2022-12-19T19:09:02 IST" skipped="0">
  <testcase classname="PageObjClasses.brokenImagesLinks" name="brokenElements" time="3.861"/>
  <system-out/>
</testsuite> <!-- PageObjClasses.brokenImagesLinks -->
