<?xml version="1.0" encoding="UTF-8"?>
<!-- Generated by org.testng.reporters.JUnitReportReporter -->
<testsuite hostname="BLR-LAP-125" failures="0" tests="1" name="PageObjClasses.RadioButtonPage" time="0.216" errors="0" timestamp="2023-07-14T12:34:19 IST" skipped="0">
  <testcase classname="PageObjClasses.RadioButtonPage" name="radioButton" time="0.216"/>
  <system-out/>
</testsuite> <!-- PageObjClasses.RadioButtonPage -->
