<?xml version="1.0" encoding="UTF-8"?>
<!-- Generated by org.testng.reporters.JUnitReportReporter -->
<testsuite hostname="BLR-LAP-125" failures="0" tests="2" name="PageObjClasses.TabsSection" time="0.252" errors="0" timestamp="2023-09-27T10:49:35 IST" skipped="0">
  <testcase classname="PageObjClasses.TabsSection" name="clickOnTabsSection" time="0.170"/>
  <system-out/>
  <testcase classname="PageObjClasses.TabsSection" name="clickOnTabs" time="0.082"/>
  <system-out/>
</testsuite> <!-- PageObjClasses.TabsSection -->
