<?xml version="1.0" encoding="UTF-8"?>
<!-- Generated by org.testng.reporters.JUnitReportReporter -->
<testsuite hostname="BLR-LAP-125" failures="0" tests="3" name="PageObjClasses.BrowserWindows" time="7.900" errors="0" timestamp="2023-07-20T14:07:56 IST" skipped="0">
  <testcase classname="PageObjClasses.BrowserWindows" name="clickOnBrowserWindows" time="0.155"/>
  <system-out/>
  <testcase classname="PageObjClasses.BrowserWindows" name="clickNewWindow" time="3.353"/>
  <system-out/>
  <testcase classname="PageObjClasses.BrowserWindows" name="clickNewWindowMsg" time="4.392"/>
  <system-out/>
</testsuite> <!-- PageObjClasses.BrowserWindows -->
