<?xml version="1.0" encoding="UTF-8"?>
<!-- Generated by org.testng.reporters.JUnitReportReporter -->
<testsuite hostname="BLR-LAP-125" failures="0" tests="2" name="PageObjClasses.Menu" time="0.682" errors="0" timestamp="2023-10-05T10:56:20 IST" skipped="0">
  <testcase classname="PageObjClasses.Menu" name="clickOnMenuOption" time="0.137"/>
  <system-out/>
  <testcase classname="PageObjClasses.Menu" name="selectTheMenu" time="0.545"/>
  <system-out/>
</testsuite> <!-- PageObjClasses.Menu -->
