<?xml version="1.0" encoding="UTF-8"?>
<!-- Generated by org.testng.reporters.JUnitReportReporter -->
<testsuite hostname="BLR-LAP-125" failures="0" tests="3" name="PageObjClasses.WebTables" time="1.180" errors="0" timestamp="2023-06-19T09:18:31 IST" skipped="0">
  <testcase classname="PageObjClasses.WebTables" name="clickOnWebTables" time="0.206"/>
  <system-out/>
  <testcase classname="PageObjClasses.WebTables" name="addNewRecord" time="0.695"/>
  <system-out/>
  <testcase classname="PageObjClasses.WebTables" name="editFirstName" time="0.279"/>
  <system-out/>
</testsuite> <!-- PageObjClasses.WebTables -->
