<?xml version="1.0" encoding="UTF-8"?>
<!-- Generated by org.testng.reporters.JUnitReportReporter -->
<testsuite hostname="BLR-LAP-125" failures="0" tests="3" name="PageObjClasses.frames" time="0.572" errors="0" timestamp="2023-07-27T11:53:25 IST" skipped="0">
  <testcase classname="PageObjClasses.frames" name="clickOnFrames" time="0.139"/>
  <system-out/>
  <testcase classname="PageObjClasses.frames" name="frame1" time="0.205"/>
  <system-out/>
  <testcase classname="PageObjClasses.frames" name="frame2" time="0.228"/>
  <system-out/>
</testsuite> <!-- PageObjClasses.frames -->
