<?xml version="1.0" encoding="UTF-8"?>
<!-- Generated by org.testng.reporters.JUnitReportReporter -->
<testsuite hostname="BLR-LAP-125" failures="0" tests="6" name="PageObjClasses.SelectMenu" time="1.012" errors="0" timestamp="2023-10-19T12:28:54 IST" skipped="0">
  <testcase classname="PageObjClasses.SelectMenu" name="selectMenuTab" time="0.177"/>
  <system-out/>
  <testcase classname="PageObjClasses.SelectMenu" name="selectValueDropdown" time="0.101"/>
  <system-out/>
  <testcase classname="PageObjClasses.SelectMenu" name="selectOneDropDown" time="0.144"/>
  <system-out/>
  <testcase classname="PageObjClasses.SelectMenu" name="selectOldStyle" time="0.081"/>
  <system-out/>
  <testcase classname="PageObjClasses.SelectMenu" name="clickMultiselectdropdown" time="0.246"/>
  <system-out/>
  <testcase classname="PageObjClasses.SelectMenu" name="selectCars" time="0.263"/>
  <system-out/>
</testsuite> <!-- PageObjClasses.SelectMenu -->
