<?xml version="1.0" encoding="UTF-8"?>
<!-- Generated by org.testng.reporters.JUnitReportReporter -->
<testsuite hostname="BLR-LAP-125" failures="0" tests="3" name="PageObjClasses.Sortable" time="0.816" errors="0" timestamp="2023-10-19T13:08:45 IST" skipped="0">
  <testcase classname="PageObjClasses.Sortable" name="clickOnInteractions" time="0.081"/>
  <system-out/>
  <testcase classname="PageObjClasses.Sortable" name="clickOnSortable" time="0.064"/>
  <system-out/>
  <testcase classname="PageObjClasses.Sortable" name="listSorting" time="0.671"/>
  <system-out/>
</testsuite> <!-- PageObjClasses.Sortable -->
