<?xml version="1.0" encoding="UTF-8"?>
<!-- Generated by org.testng.reporters.JUnitReportReporter -->
<testsuite hostname="BLR-LAP-125" failures="0" tests="2" name="PageObjClasses.Selectable_list" time="3.370" errors="0" timestamp="2023-11-03T12:04:16 IST" skipped="0">
  <testcase classname="PageObjClasses.Selectable_list" name="clickOnSelectable" time="0.159"/>
  <system-out/>
  <testcase classname="PageObjClasses.Selectable_list" name="selectOptions" time="3.211"/>
  <system-out/>
</testsuite> <!-- PageObjClasses.Selectable_list -->
