<?xml version="1.0" encoding="UTF-8"?>
<!-- Generated by org.testng.reporters.JUnitReportReporter -->
<testsuite hostname="BLR-LAP-125" failures="0" tests="3" name="PageObjClasses.Resizable" time="1.103" errors="0" timestamp="2023-11-20T12:00:01 IST" skipped="0">
  <testcase classname="PageObjClasses.Resizable" name="clickOnResizable" time="0.198"/>
  <system-out/>
  <testcase classname="PageObjClasses.Resizable" name="resizeInnerWindow" time="0.487"/>
  <system-out/>
  <testcase classname="PageObjClasses.Resizable" name="resizeWindow" time="0.418"/>
  <system-out/>
</testsuite> <!-- PageObjClasses.Resizable -->
