<?xml version="1.0" encoding="UTF-8"?>
<!-- Generated by org.testng.reporters.JUnitReportReporter -->
<testsuite hostname="BLR-LAP-125" failures="0" tests="5" name="PageObjClasses.BrowserWindows" time="8.022" errors="0" timestamp="2023-07-27T11:28:55 IST" skipped="0">
  <testcase classname="PageObjClasses.BrowserWindows" name="clickOnAlertFrameWindowsTab" time="0.080"/>
  <system-out/>
  <testcase classname="PageObjClasses.BrowserWindows" name="clickOnBrowserWindows" time="0.059"/>
  <system-out/>
  <testcase classname="PageObjClasses.BrowserWindows" name="clickOnNewTab" time="0.307"/>
  <system-out/>
  <testcase classname="PageObjClasses.BrowserWindows" name="clickNewWindow" time="3.340"/>
  <system-out/>
  <testcase classname="PageObjClasses.BrowserWindows" name="clickNewWindowMsg" time="4.236"/>
  <system-out/>
</testsuite> <!-- PageObjClasses.BrowserWindows -->
