<?xml version="1.0" encoding="UTF-8"?>
<!-- Generated by org.testng.reporters.JUnitReportReporter -->
<testsuite hostname="BLR-LAP-125" failures="0" tests="4" name="PageObjClasses.Textbox" time="0.335" errors="0" timestamp="2022-12-16T11:20:13 IST" skipped="0">
  <testcase classname="PageObjClasses.Textbox" name="clickonCheckBox" time="0.159"/>
  <system-out/>
  <testcase classname="PageObjClasses.Textbox" name="clickOnHomeExpandArrow" time="0.054"/>
  <system-out/>
  <testcase classname="PageObjClasses.Textbox" name="selectRequiredCheckbox" time="0.097"/>
  <system-out/>
  <testcase classname="PageObjClasses.Textbox" name="getSelectionList" time="0.025"/>
  <system-out/>
</testsuite> <!-- PageObjClasses.Textbox -->
