<?xml version="1.0" encoding="UTF-8"?>
<!-- Generated by org.testng.reporters.JUnitReportReporter -->
<testsuite hostname="BLR-LAP-125" failures="0" tests="4" name="PageObjClasses.Droppable" time="8.223" errors="0" timestamp="2023-12-01T17:15:21 IST" skipped="0">
  <testcase classname="PageObjClasses.Droppable" name="clickOnDroppable" time="0.249"/>
  <system-out/>
  <testcase classname="PageObjClasses.Droppable" name="dragUnderSimpleTab" time="3.327"/>
  <system-out/>
  <testcase classname="PageObjClasses.Droppable" name="acceptOptions" time="3.329"/>
  <system-out/>
  <testcase classname="PageObjClasses.Droppable" name="preventPropogationOptions" time="1.318"/>
  <system-out/>
</testsuite> <!-- PageObjClasses.Droppable -->
