<?xml version="1.0" encoding="UTF-8"?>
<!-- Generated by org.testng.reporters.JUnitReportReporter -->
<testsuite hostname="BLR-LAP-125" failures="0" tests="2" name="PageObjClasses.Slider" time="0.788" errors="0" timestamp="2023-09-20T10:18:11 IST" skipped="0">
  <testcase classname="PageObjClasses.Slider" name="clickOnSlider" time="0.176"/>
  <system-out/>
  <testcase classname="PageObjClasses.Slider" name="moveTheSlider" time="0.612"/>
  <system-out/>
</testsuite> <!-- PageObjClasses.Slider -->
