<?xml version="1.0" encoding="UTF-8"?>
<!-- Generated by org.testng.reporters.JUnitReportReporter -->
<testsuite hostname="BLR-LAP-125" failures="0" tests="3" name="PageObjClasses.Sortable" time="2.765" errors="0" timestamp="2023-10-25T17:58:57 IST" skipped="0">
  <testcase classname="PageObjClasses.Sortable" name="clickOnInteractions" time="0.104"/>
  <system-out/>
  <testcase classname="PageObjClasses.Sortable" name="clickOnSortable" time="0.086"/>
  <system-out/>
  <testcase classname="PageObjClasses.Sortable" name="listSorting" time="2.575"/>
  <system-out/>
</testsuite> <!-- PageObjClasses.Sortable -->
