<?xml version="1.0" encoding="UTF-8"?>
<!-- Generated by org.testng.reporters.JUnitReportReporter -->
<testsuite hostname="BLR-LAP-125" failures="0" tests="2" name="PageObjClasses.linksPage" time="8.341" errors="0" timestamp="2022-12-12T11:56:56 IST" skipped="0">
  <testcase classname="PageObjClasses.linksPage" name="clickOnLinks" time="0.203"/>
  <system-out/>
  <testcase classname="PageObjClasses.linksPage" name="clickOnHomeAsf" time="8.138"/>
  <system-out/>
</testsuite> <!-- PageObjClasses.linksPage -->
