<?xml version="1.0" encoding="UTF-8"?>
<!-- Generated by org.testng.reporters.JUnitReportReporter -->
<testsuite hostname="BLR-LAP-125" failures="0" tests="5" name="PageObjClasses.Alerts" time="10.465" errors="0" timestamp="2023-07-25T12:38:56 IST" skipped="0">
  <testcase classname="PageObjClasses.Alerts" name="clickOnAlerts" time="0.157"/>
  <system-out/>
  <testcase classname="PageObjClasses.Alerts" name="clickOnFirstAlertButton" time="3.058"/>
  <system-out/>
  <testcase classname="PageObjClasses.Alerts" name="clickOnTimerAlertButton" time="7.064"/>
  <system-out/>
  <testcase classname="PageObjClasses.Alerts" name="clickOnConfirmButton" time="0.100"/>
  <system-out/>
  <testcase classname="PageObjClasses.Alerts" name="clickOnPromtBox" time="0.086"/>
  <system-out/>
</testsuite> <!-- PageObjClasses.Alerts -->
