<?xml version="1.0" encoding="UTF-8"?>
<!-- Generated by org.testng.reporters.JUnitReportReporter -->
<testsuite hostname="BLR-LAP-125" failures="0" tests="2" name="PageObjClasses.Resizable" time="0.245" errors="0" timestamp="2023-11-10T12:34:43 IST" skipped="0">
  <testcase classname="PageObjClasses.Resizable" name="clickOnResizable" time="0.177"/>
  <system-out/>
  <testcase classname="PageObjClasses.Resizable" name="resizeInnerWindow" time="0.068"/>
  <system-out/>
</testsuite> <!-- PageObjClasses.Resizable -->
