<?xml version="1.0" encoding="UTF-8"?>
<!-- Generated by org.testng.reporters.JUnitReportReporter -->
<testsuite hostname="BLR-LAP-125" failures="0" tests="2" name="PageObjClasses.DynamicProperties" time="5.523" errors="0" timestamp="2023-03-06T10:16:58 IST" skipped="0">
  <testcase classname="PageObjClasses.DynamicProperties" name="clickOnWebTables" time="0.154"/>
  <system-out/>
  <testcase classname="PageObjClasses.DynamicProperties" name="elementEnabled" time="5.369"/>
  <system-out/>
</testsuite> <!-- PageObjClasses.DynamicProperties -->
