<?xml version="1.0" encoding="UTF-8"?>
<!-- Generated by org.testng.reporters.JUnitReportReporter -->
<testsuite hostname="BLR-LAP-125" failures="0" tests="2" name="PageObjClasses.ProgressBar" time="2.240" errors="0" timestamp="2023-09-25T11:12:05 IST" skipped="0">
  <testcase classname="PageObjClasses.ProgressBar" name="clickOnProgressBarTab" time="0.197"/>
  <system-out/>
  <testcase classname="PageObjClasses.ProgressBar" name="verifyProgressBar" time="2.043"/>
  <system-out/>
</testsuite> <!-- PageObjClasses.ProgressBar -->
