<?xml version="1.0" encoding="UTF-8"?>
<!-- Generated by org.testng.reporters.JUnitReportReporter -->
<testsuite hostname="BLR-LAP-125" failures="0" tests="1" name="PageObjClasses.DatePicker" time="0.178" errors="0" timestamp="2023-08-08T16:27:49 IST" skipped="0">
  <testcase classname="PageObjClasses.DatePicker" name="clickOnDatePicker" time="0.178"/>
  <system-out/>
</testsuite> <!-- PageObjClasses.DatePicker -->
