<?xml version="1.0" encoding="UTF-8"?>
<!-- Generated by org.testng.reporters.JUnitReportReporter -->
<testsuite hostname="BLR-LAP-125" failures="0" tests="2" name="PageObjClasses.ProgressBar" time="9.848" errors="0" timestamp="2023-09-20T17:04:37 IST" skipped="0">
  <testcase classname="PageObjClasses.ProgressBar" name="clickOnProgressBarTab" time="0.161"/>
  <system-out/>
  <testcase classname="PageObjClasses.ProgressBar" name="verifyProgressBar" time="9.687"/>
  <system-out/>
</testsuite> <!-- PageObjClasses.ProgressBar -->
