<?xml version="1.0" encoding="UTF-8"?>
<!-- Generated by org.testng.reporters.JUnitReportReporter -->
<testsuite hostname="BLR-LAP-125" failures="0" tests="4" name="PageObjClasses.Droppable" time="8.129" errors="0" timestamp="2023-11-30T18:02:50 IST" skipped="0">
  <testcase classname="PageObjClasses.Droppable" name="clickOnDroppable" time="0.165"/>
  <system-out/>
  <testcase classname="PageObjClasses.Droppable" name="dragUnderSimpleTab" time="3.305"/>
  <system-out/>
  <testcase classname="PageObjClasses.Droppable" name="acceptOptions" time="3.335"/>
  <system-out/>
  <testcase classname="PageObjClasses.Droppable" name="preventPropogationOptions" time="1.324"/>
  <system-out/>
</testsuite> <!-- PageObjClasses.Droppable -->
