<?xml version="1.0" encoding="UTF-8"?>
<!-- Generated by org.testng.reporters.JUnitReportReporter -->
<testsuite hostname="BLR-LAP-125" failures="0" tests="3" name="PageObjClasses.frames" time="0.487" errors="0" timestamp="2023-07-25T16:49:51 IST" skipped="0">
  <testcase classname="PageObjClasses.frames" name="clickOnFrames" time="0.147"/>
  <system-out/>
  <testcase classname="PageObjClasses.frames" name="frame1" time="0.191"/>
  <system-out/>
  <testcase classname="PageObjClasses.frames" name="frame2" time="0.149"/>
  <system-out/>
</testsuite> <!-- PageObjClasses.frames -->
