<?xml version="1.0" encoding="UTF-8"?>
<!-- Generated by org.testng.reporters.JUnitReportReporter -->
<testsuite hostname="BLR-LAP-125" failures="0" tests="1" name="PageObjClasses.Menu" time="0.138" errors="0" timestamp="2023-10-04T11:11:47 IST" skipped="0">
  <testcase classname="PageObjClasses.Menu" name="clickOnMenuOption" time="0.138"/>
  <system-out/>
</testsuite> <!-- PageObjClasses.Menu -->
