<?xml version="1.0" encoding="UTF-8"?>
<!-- Generated by org.testng.reporters.JUnitReportReporter -->
<testsuite hostname="BLR-LAP-125" failures="0" tests="2" name="TestFiles.Elements" time="3.167" errors="0" timestamp="2022-11-17T10:19:19 IST" skipped="0">
  <testcase classname="TestFiles.Elements" name="clickOnElements" time="3.107"/>
  <system-out/>
  <testcase classname="TestFiles.Elements" name="clickTextBox" time="0.060"/>
  <system-out/>
</testsuite> <!-- TestFiles.Elements -->
