<?xml version="1.0" encoding="UTF-8"?>
<!-- Generated by org.testng.reporters.JUnitReportReporter -->
<testsuite hostname="BLR-LAP-125" failures="0" tests="2" name="PageObjClasses.ToolTips" time="0.752" errors="0" timestamp="2023-09-27T13:08:39 IST" skipped="0">
  <testcase classname="PageObjClasses.ToolTips" name="clickOnToolTipsTab" time="0.250"/>
  <system-out/>
  <testcase classname="PageObjClasses.ToolTips" name="hoverAndFetchToolTipText" time="0.502"/>
  <system-out/>
</testsuite> <!-- PageObjClasses.ToolTips -->
