<?xml version="1.0" encoding="UTF-8"?>
<!-- Generated by org.testng.reporters.JUnitReportReporter -->
<testsuite hostname="BLR-LAP-125" failures="0" tests="3" name="PageObjClasses.Sortable_Grid" time="2.841" errors="0" timestamp="2023-10-27T18:00:39 IST" skipped="0">
  <testcase classname="PageObjClasses.Sortable_Grid" name="clickOnInteractions" time="0.097"/>
  <system-out/>
  <testcase classname="PageObjClasses.Sortable_Grid" name="clickOnSortable_Grid" time="0.133"/>
  <system-out/>
  <testcase classname="PageObjClasses.Sortable_Grid" name="listSorting" time="2.611"/>
  <system-out/>
</testsuite> <!-- PageObjClasses.Sortable_Grid -->
