<?xml version="1.0" encoding="UTF-8"?>
<!-- Generated by org.testng.reporters.JUnitReportReporter -->
<testsuite hostname="BLR-LAP-125" failures="0" tests="3" name="PageObjClasses.ModalDialogs" time="6.930" errors="0" timestamp="2023-07-31T13:56:56 IST" skipped="0">
  <testcase classname="PageObjClasses.ModalDialogs" name="clickOnDialogModalOptions" time="0.319"/>
  <system-out/>
  <testcase classname="PageObjClasses.ModalDialogs" name="clickOnSmallModal" time="3.288"/>
  <system-out/>
  <testcase classname="PageObjClasses.ModalDialogs" name="clickOnLargeModal" time="3.323"/>
  <system-out/>
</testsuite> <!-- PageObjClasses.ModalDialogs -->
