<?xml version="1.0" encoding="UTF-8"?>
<!-- Generated by org.testng.reporters.JUnitReportReporter -->
<testsuite hostname="BLR-LAP-125" failures="0" tests="5" name="PageObjClasses.AccordianOptions" time="9.800" errors="0" timestamp="2023-07-31T16:51:32 IST" skipped="0">
  <testcase classname="PageObjClasses.AccordianOptions" name="clickOnWidgets" time="0.145"/>
  <system-out/>
  <testcase classname="PageObjClasses.AccordianOptions" name="clickOnAccordianOptions" time="0.078"/>
  <system-out/>
  <testcase classname="PageObjClasses.AccordianOptions" name="clickOnAccordianOption1" time="3.118"/>
  <system-out/>
  <testcase classname="PageObjClasses.AccordianOptions" name="clickOnAccordianOption2" time="3.152"/>
  <system-out/>
  <testcase classname="PageObjClasses.AccordianOptions" name="clickOnAccordianOption3" time="3.307"/>
  <system-out/>
</testsuite> <!-- PageObjClasses.AccordianOptions -->
