<?xml version="1.0" encoding="UTF-8"?>
<!-- Generated by org.testng.reporters.JUnitReportReporter -->
<testsuite hostname="BLR-LAP-125" failures="0" tests="2" name="PageObjClasses.DatePicker" time="0.508" errors="0" timestamp="2023-08-10T17:15:24 IST" skipped="0">
  <testcase classname="PageObjClasses.DatePicker" name="clickOnDatePicker" time="0.144"/>
  <system-out/>
  <testcase classname="PageObjClasses.DatePicker" name="selectDate" time="0.364"/>
  <system-out/>
</testsuite> <!-- PageObjClasses.DatePicker -->
